<?xml version="1.0" encoding="UTF-8"?>
<!-- Generated by org.testng.reporters.JUnitReportReporter -->
<testsuite skipped="0" hostname="DESKTOP-4JQCKJ4" name="testCases.Json" tests="1" failures="0" timestamp="2020-06-21T16:53:20 NPT" time="0.015" errors="0">
  <testcase name="testing" time="0.015" classname="testCases.Json"/>
  <system-out/>
</testsuite> <!-- testCases.Json -->
