<?xml version="1.0" encoding="UTF-8"?>
<!-- Generated by org.testng.reporters.JUnitReportReporter -->
<testsuite skipped="0" hostname="DESKTOP-4JQCKJ4" name="test.Register" tests="1" failures="0" timestamp="2020-06-21T13:46:51 NPT" time="0.005" errors="0">
  <testcase name="register" time="0.005" classname="test.Register"/>
  <system-out/>
</testsuite> <!-- test.Register -->
