<?xml version="1.0" encoding="UTF-8"?>
<!-- Generated by org.testng.reporters.JUnitReportReporter -->
<testsuite skipped="0" hostname="DESKTOP-4JQCKJ4" name="testCases.Register" tests="2" failures="0" timestamp="2020-06-22T07:44:20 NPT" time="14.801" errors="0">
  <testcase name="register" time="14.782" classname="testCases.Register"/>
  <system-out/>
  <testcase name="extractData" time="0.019" classname="testCases.Register"/>
  <system-out/>
</testsuite> <!-- testCases.Register -->
